
[16-12-2022 09:19:38] [31merror[39m: [31mPORT is not defined[39m
[16-12-2022 09:21:37] [31merror[39m: [31mGET / 302[39m
[16-12-2022 09:21:37] [31merror[39m: [31mGET / 302[39m
[16-12-2022 09:21:37] [31merror[39m: [31mGET / 302[39m
[16-12-2022 09:21:37] [31merror[39m: [31mGET / 302[39m
[16-12-2022 09:21:37] [31merror[39m: [31mGET / 302[39m
[16-12-2022 09:21:37] [31merror[39m: [31mGET / 302[39m
[16-12-2022 09:21:37] [31merror[39m: [31mGET / 302[39m
[16-12-2022 09:21:37] [31merror[39m: [31mGET / 302[39m
[16-12-2022 09:21:37] [31merror[39m: [31mGET / 302[39m
[16-12-2022 09:21:37] [31merror[39m: [31mGET / 302[39m
[16-12-2022 09:21:37] [31merror[39m: [31mGET / 302[39m
[16-12-2022 09:21:37] [31merror[39m: [31mGET / 302[39m
[16-12-2022 09:21:37] [31merror[39m: [31mGET / 302[39m
[16-12-2022 09:21:37] [31merror[39m: [31mGET / 302[39m
[16-12-2022 09:21:37] [31merror[39m: [31mGET / 302[39m
[16-12-2022 09:21:37] [31merror[39m: [31mGET / 302[39m
[16-12-2022 09:21:37] [31merror[39m: [31mGET / 302[39m
[16-12-2022 09:21:37] [31merror[39m: [31mGET / 302[39m
[16-12-2022 09:21:37] [31merror[39m: [31mGET / 302[39m
[16-12-2022 09:21:37] [31merror[39m: [31mGET / 302[39m
[16-12-2022 09:21:37] [31merror[39m: [31mGET / 302[39m
[16-12-2022 09:22:09] [31merror[39m: [31mGET / 302[39m
[16-12-2022 09:22:09] [31merror[39m: [31mGET / 302[39m
[16-12-2022 09:22:09] [31merror[39m: [31mGET / 302[39m
[16-12-2022 09:22:09] [31merror[39m: [31mGET / 302[39m
[16-12-2022 09:22:09] [31merror[39m: [31mGET / 302[39m
[16-12-2022 09:22:09] [31merror[39m: [31mGET / 302[39m
[16-12-2022 09:22:09] [31merror[39m: [31mGET / 302[39m
[16-12-2022 09:22:09] [31merror[39m: [31mGET / 302[39m
[16-12-2022 09:22:09] [31merror[39m: [31mGET / 302[39m
[16-12-2022 09:22:09] [31merror[39m: [31mGET / 302[39m
[16-12-2022 09:22:09] [31merror[39m: [31mGET / 302[39m
[16-12-2022 09:22:09] [31merror[39m: [31mGET / 302[39m
[16-12-2022 09:22:09] [31merror[39m: [31mGET / 302[39m
[16-12-2022 09:22:09] [31merror[39m: [31mGET / 302[39m
[16-12-2022 09:22:09] [31merror[39m: [31mGET / 302[39m
[16-12-2022 09:22:09] [31merror[39m: [31mGET / 302[39m
[16-12-2022 09:22:09] [31merror[39m: [31mGET / 302[39m
[16-12-2022 09:22:09] [31merror[39m: [31mGET / 302[39m
[16-12-2022 09:22:09] [31merror[39m: [31mGET / 302[39m
[16-12-2022 09:22:09] [31merror[39m: [31mGET / 302[39m
[16-12-2022 09:22:09] [31merror[39m: [31mGET / 302[39m
[16-12-2022 09:22:45] [31merror[39m: [31mGET /login 404[39m
[16-12-2022 09:22:53] [31merror[39m: [31mGET / 302[39m
[16-12-2022 09:22:53] [31merror[39m: [31mGET / 302[39m
[16-12-2022 09:22:53] [31merror[39m: [31mGET / 302[39m
[16-12-2022 09:22:53] [31merror[39m: [31mGET / 302[39m
[16-12-2022 09:22:53] [31merror[39m: [31mGET / 302[39m
[16-12-2022 09:22:53] [31merror[39m: [31mGET / 302[39m
[16-12-2022 09:22:53] [31merror[39m: [31mGET / 302[39m
[16-12-2022 09:22:53] [31merror[39m: [31mGET / 302[39m
[16-12-2022 09:22:53] [31merror[39m: [31mGET / 302[39m
[16-12-2022 09:22:53] [31merror[39m: [31mGET / 302[39m
[16-12-2022 09:22:53] [31merror[39m: [31mGET / 302[39m
[16-12-2022 09:22:53] [31merror[39m: [31mGET / 302[39m
[16-12-2022 09:22:53] [31merror[39m: [31mGET / 302[39m
[16-12-2022 09:22:53] [31merror[39m: [31mGET / 302[39m
[16-12-2022 09:22:53] [31merror[39m: [31mGET / 302[39m
[16-12-2022 09:22:53] [31merror[39m: [31mGET / 302[39m
[16-12-2022 09:22:53] [31merror[39m: [31mGET / 302[39m
[16-12-2022 09:22:53] [31merror[39m: [31mGET / 302[39m
[16-12-2022 09:22:53] [31merror[39m: [31mGET / 302[39m
[16-12-2022 09:22:53] [31merror[39m: [31mGET / 302[39m
[16-12-2022 09:22:53] [31merror[39m: [31mGET / 302[39m
[16-12-2022 09:24:24] [31merror[39m: [31mGET / 302[39m
[16-12-2022 09:24:24] [31merror[39m: [31mGET / 302[39m
[16-12-2022 09:24:24] [31merror[39m: [31mGET / 302[39m
[16-12-2022 09:24:24] [31merror[39m: [31mGET / 302[39m
[16-12-2022 09:24:24] [31merror[39m: [31mGET / 302[39m
[16-12-2022 09:24:24] [31merror[39m: [31mGET / 302[39m
[16-12-2022 09:24:24] [31merror[39m: [31mGET / 302[39m
[16-12-2022 09:24:24] [31merror[39m: [31mGET / 302[39m
[16-12-2022 09:24:24] [31merror[39m: [31mGET / 302[39m
[16-12-2022 09:24:24] [31merror[39m: [31mGET / 302[39m
[16-12-2022 09:24:24] [31merror[39m: [31mGET / 302[39m
[16-12-2022 09:24:24] [31merror[39m: [31mGET / 302[39m
[16-12-2022 09:24:24] [31merror[39m: [31mGET / 302[39m
[16-12-2022 09:24:24] [31merror[39m: [31mGET / 302[39m
[16-12-2022 09:24:24] [31merror[39m: [31mGET / 302[39m
[16-12-2022 09:24:24] [31merror[39m: [31mGET / 302[39m
[16-12-2022 09:24:24] [31merror[39m: [31mGET / 302[39m
[16-12-2022 09:24:24] [31merror[39m: [31mGET / 302[39m
[16-12-2022 09:24:24] [31merror[39m: [31mGET / 302[39m
[16-12-2022 09:24:24] [31merror[39m: [31mGET / 302[39m
[16-12-2022 09:24:24] [31merror[39m: [31mGET / 302[39m
[16-12-2022 09:25:12] [31merror[39m: [31mGET / 302[39m
[16-12-2022 09:25:12] [31merror[39m: [31mGET /favicon.ico 404[39m
[16-12-2022 09:25:40] [31merror[39m: [31mGET / 302[39m
[16-12-2022 09:31:04] [31merror[39m: [31mGET /consultas/user/ 404[39m
[16-12-2022 09:34:52] [31merror[39m: [31mGET / 500[39m
[16-12-2022 09:34:54] [31merror[39m: [31mGET / 500[39m
[16-12-2022 09:35:08] [31merror[39m: [31mGET / 500[39m
[16-12-2022 09:35:22] [31merror[39m: [31mGET /assets/css/bootstrap.min.css.map 404[39m
[16-12-2022 09:38:07] [31merror[39m: [31mPOST /auth/login 404[39m
[16-12-2022 09:38:48] [31merror[39m: [31mPOST /auth/login 404[39m
[16-12-2022 09:38:58] [31merror[39m: [31mPOST /auth/login 404[39m
[16-12-2022 09:39:31] [31merror[39m: [31mPOST /auth/login 404[39m
[16-12-2022 09:46:04] [31merror[39m: [31mGET /favicon.ico 404[39m
[16-12-2022 12:13:21] [31merror[39m: [31mGET /favicon.ico 404[39m
[16-12-2022 12:19:09] [31merror[39m: [31mGET /login 404[39m
[16-12-2022 12:49:17] [31merror[39m: [31mGET / 302[39m
[16-12-2022 12:49:20] [31merror[39m: [31mGET /favicon.ico 404[39m
[16-12-2022 14:22:30] [31merror[39m: [31mGET /favicon.ico 404[39m
[16-12-2022 14:22:35] [31merror[39m: [31mGET /assets/css/bootstrap.min.css.map 404[39m
[16-12-2022 14:32:07] [31merror[39m: [31mGET /favicon.ico 404[39m
[20-12-2022 12:51:45] [31merror[39m: [31mGET /assets/css/bootstrap.min.css.map 404[39m
[20-12-2022 12:57:11] [31merror[39m: [31mGET /assets/css/bootstrap.min.css.map 404[39m
[20-12-2022 12:57:39] [31merror[39m: [31mGET /mis-consultas 404[39m
[20-12-2022 13:00:32] [31merror[39m: [31mGET /assets/css/bootstrap.min.css.map 404[39m
[20-12-2022 14:03:26] [31merror[39m: [31mPOST /auth/login 404[39m
[20-12-2022 14:03:41] [31merror[39m: [31moption usecreateindex is not supported[39m
[20-12-2022 14:03:56] [31merror[39m: [31mPOST /auth/login 404[39m
[20-12-2022 14:04:32] [31merror[39m: [31moption usecreateindex is not supported[39m
[20-12-2022 14:30:04] [31merror[39m: [31mGET /favicon.ico 404[39m
[20-12-2022 17:54:55] [31merror[39m: [31mGET /favicon.ico 404[39m
[20-12-2022 18:13:40] [31merror[39m: [31mGET /favicon.ico 404[39m
[20-12-2022 18:21:22] [31merror[39m: [31mGET /login 404[39m
[20-12-2022 18:21:22] [31merror[39m: [31mGET /favicon.ico 404[39m
[20-12-2022 18:38:15] [31merror[39m: [31mGET /login 404[39m
[20-12-2022 18:38:44] [31merror[39m: [31mGET /favicon.ico 404[39m
[20-12-2022 18:39:27] [31merror[39m: [31mGET /uploads/1671572054716-ben%20el%20relojero.jpg 404[39m
[20-12-2022 18:39:27] [31merror[39m: [31mGET /favicon.ico 404[39m
[20-12-2022 18:44:48] [31merror[39m: [31mGET /favicon.ico 404[39m
[20-12-2022 18:45:41] [31merror[39m: [31mGET /favicon.ico 404[39m
[20-12-2022 18:48:59] [31merror[39m: [31mGET /favicon.ico 404[39m
[27-12-2022 10:24:50] [31merror[39m: [31mPOST /auth/login 404[39m
[27-12-2022 10:24:52] [31merror[39m: [31mGET /favicon.ico 404[39m
[27-12-2022 10:24:58] [31merror[39m: [31mGET /favicon.ico 404[39m
[27-12-2022 10:25:00] [31merror[39m: [31mGET /uploads/1671572421489-ben%20el%20relojero.jpg 404[39m
[27-12-2022 10:25:03] [31merror[39m: [31mGET /uploads/1671572421489-ben%20el%20relojero.jpg 404[39m
[27-12-2022 10:25:05] [31merror[39m: [31mGET /uploads/1671572421489-ben%20el%20relojero.jpg 404[39m
[27-12-2022 10:25:08] [31merror[39m: [31mGET /uploads/1671572421489-ben%20el%20relojero.jpg 404[39m
[27-12-2022 10:25:19] [31merror[39m: [31mGET /favicon.ico 404[39m
[27-12-2022 10:26:23] [31merror[39m: [31mGET /uploads/1671572421489-ben%20el%20relojero.jpg 404[39m
[27-12-2022 10:26:27] [31merror[39m: [31mGET /uploads/1671572421489-ben%20el%20relojero.jpg 404[39m
[27-12-2022 10:26:27] [31merror[39m: [31mGET /favicon.ico 404[39m
[27-12-2022 10:26:27] [31merror[39m: [31mGET /uploads/1671572421489-ben%20el%20relojero.jpg 404[39m
[27-12-2022 10:26:43] [31merror[39m: [31mGET /assets/css/bootstrap.min.css.map 404[39m
[27-12-2022 10:26:52] [31merror[39m: [31mGET /favicon.ico 404[39m
[27-12-2022 10:26:52] [31merror[39m: [31mGET /assets/css/bootstrap.min.css.map 404[39m
[27-12-2022 10:35:24] [31merror[39m: [31mPOST /auth/login 404[39m
[05-02-2024 04:59:13] [31merror[39m: [31mGET /favicon.ico 404[39m
[05-02-2024 04:59:41] [31merror[39m: [31mPOST /auth/register 400[39m
[05-02-2024 05:01:29] [31merror[39m: [31mPOST /auth/register 400[39m
[05-02-2024 05:07:52] [31merror[39m: [31mGET /images/ 404[39m
[05-02-2024 05:07:52] [31merror[39m: [31mGET /images/ 404[39m
[05-02-2024 05:09:09] [31merror[39m: [31mGET /images/ 404[39m
[05-02-2024 05:09:09] [31merror[39m: [31mGET /images/ 404[39m
[05-02-2024 05:09:13] [31merror[39m: [31mGET /images/ 404[39m
[05-02-2024 05:09:13] [31merror[39m: [31mGET /images/ 404[39m
[05-02-2024 05:09:32] [31merror[39m: [31mGET /api/cart//products 404[39m
[05-02-2024 05:09:38] [31merror[39m: [31mGET /images/ 404[39m
[05-02-2024 05:09:38] [31merror[39m: [31mGET /images/ 404[39m
[05-02-2024 05:09:39] [31merror[39m: [31mGET /images/ 404[39m
[05-02-2024 05:09:39] [31merror[39m: [31mGET /images/ 404[39m
[05-02-2024 05:09:42] [31merror[39m: [31mGET /uploads/ 404[39m
[05-02-2024 05:09:51] [31merror[39m: [31mGET /uploads/ 404[39m
[05-02-2024 05:10:12] [31merror[39m: [31mGET /images/ 404[39m
[05-02-2024 05:10:12] [31merror[39m: [31mGET /images/ 404[39m
[05-02-2024 05:11:12] [31merror[39m: [31mGET /images/ 404[39m
[05-02-2024 05:11:12] [31merror[39m: [31mGET /images/ 404[39m
[05-02-2024 05:12:12] [31merror[39m: [31mGET /assets/js/bootstrap.min.js.map 404[39m
[05-02-2024 05:12:12] [31merror[39m: [31mGET /assets/css/bootstrap.min.css.map 404[39m
[05-02-2024 05:12:22] [31merror[39m: [31mGET /images/ 404[39m
[05-02-2024 05:12:24] [31merror[39m: [31mGET /images/ 404[39m
[05-02-2024 05:12:24] [31merror[39m: [31mGET /images/ 404[39m
[05-02-2024 05:16:12] [31merror[39m: [31mGET /images/ 404[39m
[05-02-2024 05:16:12] [31merror[39m: [31mGET /images/ 404[39m
[05-02-2024 05:16:39] [31merror[39m: [31mGET /images/ 404[39m
[05-02-2024 05:16:39] [31merror[39m: [31mGET /images/ 404[39m
[05-02-2024 05:16:55] [31merror[39m: [31mGET /images/ 404[39m
[05-02-2024 05:16:55] [31merror[39m: [31mGET /images/ 404[39m
[05-02-2024 05:16:57] [31merror[39m: [31mGET /images/ 404[39m
[05-02-2024 05:16:57] [31merror[39m: [31mGET /images/ 404[39m
[05-02-2024 05:16:59] [31merror[39m: [31mGET /images/ 404[39m
[05-02-2024 05:16:59] [31merror[39m: [31mGET /images/ 404[39m
[05-02-2024 05:16:59] [31merror[39m: [31mGET /images/ 404[39m
[05-02-2024 05:16:59] [31merror[39m: [31mGET /images/ 404[39m
[05-02-2024 05:17:00] [31merror[39m: [31mGET /images/ 404[39m
[05-02-2024 05:17:00] [31merror[39m: [31mGET /images/ 404[39m
[05-02-2024 05:17:01] [31merror[39m: [31mGET /images/ 404[39m
[05-02-2024 05:17:01] [31merror[39m: [31mGET /images/ 404[39m
[05-02-2024 05:17:37] [31merror[39m: [31mGET /images/ 404[39m
[05-02-2024 05:17:37] [31merror[39m: [31mGET /images/ 404[39m
[05-02-2024 05:18:28] [31merror[39m: [31mGET /assets/js/bootstrap.min.js.map 404[39m
[05-02-2024 05:18:28] [31merror[39m: [31mGET /assets/css/bootstrap.min.css.map 404[39m
[05-02-2024 05:19:07] [31merror[39m: [31mGET /uploads/ 404[39m
[05-02-2024 05:19:48] [31merror[39m: [31mGET /uploads/ 404[39m
[05-02-2024 05:19:51] [31merror[39m: [31mGET /api/cart//products 404[39m
[05-02-2024 05:19:56] [31merror[39m: [31mGET /api/cart//products 404[39m
[05-02-2024 05:22:55] [31merror[39m: [31mGET /assets/js/bootstrap.min.js.map 404[39m
[05-02-2024 05:22:55] [31merror[39m: [31mGET /assets/css/bootstrap.min.css.map 404[39m
[05-02-2024 05:23:04] [31merror[39m: [31mGET /assets/css/bootstrap.min.css.map 404[39m
[05-02-2024 05:23:11] [31merror[39m: [31mGET /images/ 404[39m
[05-02-2024 05:23:11] [31merror[39m: [31mGET /images/ 404[39m
[05-02-2024 05:23:11] [31merror[39m: [31mGET /assets/css/bootstrap.min.css.map 404[39m
[05-02-2024 05:23:11] [31merror[39m: [31mGET /assets/js/bootstrap.min.js.map 404[39m
[05-02-2024 05:23:43] [31merror[39m: [31mGET /images/ 404[39m
[05-02-2024 05:23:43] [31merror[39m: [31mGET /images/ 404[39m
[05-02-2024 07:05:49] [31merror[39m: [31mGET /images/ 404[39m
[05-02-2024 07:05:49] [31merror[39m: [31mGET /images/ 404[39m
[05-02-2024 07:05:53] [31merror[39m: [31mGET /uploads/ 404[39m
[05-02-2024 07:06:22] [31merror[39m: [31mGET /assets/js/bootstrap.min.js.map 404[39m
[05-02-2024 07:06:22] [31merror[39m: [31mGET /assets/css/bootstrap.min.css.map 404[39m
[05-02-2024 07:06:27] [31merror[39m: [31mGET /uploads/ 404[39m
[05-02-2024 07:06:34] [31merror[39m: [31mGET /images/ 404[39m
[05-02-2024 07:06:34] [31merror[39m: [31mGET /images/ 404[39m
[05-02-2024 07:06:35] [31merror[39m: [31mGET /images/ 404[39m
[05-02-2024 07:06:35] [31merror[39m: [31mGET /images/ 404[39m
[05-02-2024 07:06:37] [31merror[39m: [31mGET /images/ 404[39m
[05-02-2024 07:06:37] [31merror[39m: [31mGET /images/ 404[39m
[05-02-2024 07:06:38] [31merror[39m: [31mGET /images/ 404[39m
[05-02-2024 07:06:38] [31merror[39m: [31mGET /images/ 404[39m
[05-02-2024 07:06:42] [31merror[39m: [31mGET /uploads/ 404[39m
[05-02-2024 07:06:55] [31merror[39m: [31mGET /images/ 404[39m
[05-02-2024 07:06:55] [31merror[39m: [31mGET /images/ 404[39m
[05-02-2024 07:07:45] [31merror[39m: [31mGET /uploads/ 404[39m
[05-02-2024 07:07:49] [31merror[39m: [31mGET /uploads/ 404[39m
[05-02-2024 07:07:53] [31merror[39m: [31mGET /uploads/ 404[39m
[05-02-2024 07:07:55] [31merror[39m: [31mGET /uploads/ 404[39m
[05-02-2024 07:19:57] [31merror[39m: [31mGET /images/ 404[39m
[05-02-2024 07:19:57] [31merror[39m: [31mGET /images/ 404[39m
[05-02-2024 07:20:02] [31merror[39m: [31mGET /uploads/ 404[39m
[05-02-2024 07:20:05] [31merror[39m: [31mGET /uploads/ 404[39m
[05-02-2024 07:20:14] [31merror[39m: [31mGET /images/ 404[39m
[05-02-2024 07:20:14] [31merror[39m: [31mGET /images/ 404[39m
[05-02-2024 07:24:32] [31merror[39m: [31mGET /images/ 404[39m
[05-02-2024 07:24:32] [31merror[39m: [31mGET /images/ 404[39m
[05-02-2024 07:28:08] [31merror[39m: [31mGET /api/cart//products 404[39m
[05-02-2024 07:28:13] [31merror[39m: [31mGET /api/cart/products 404[39m
[05-02-2024 07:28:17] [31merror[39m: [31mGET /api/cart/ 404[39m
[05-02-2024 07:28:19] [31merror[39m: [31mGET /images/ 404[39m
[05-02-2024 07:28:19] [31merror[39m: [31mGET /images/ 404[39m
[05-02-2024 07:28:45] [31merror[39m: [31mGET /images/ 404[39m
[05-02-2024 07:28:45] [31merror[39m: [31mGET /images/ 404[39m
[05-02-2024 07:35:55] [31merror[39m: [31mGET /favicon.ico 404[39m
[05-02-2024 07:36:03] [31merror[39m: [31mGET /images/ 404[39m
[05-02-2024 07:36:03] [31merror[39m: [31mGET /images/ 404[39m
[05-02-2024 07:36:05] [31merror[39m: [31mGET /images/ 404[39m
[05-02-2024 07:36:05] [31merror[39m: [31mGET /images/ 404[39m
[05-02-2024 07:36:09] [31merror[39m: [31mGET /uploads/ 404[39m
[05-02-2024 07:36:14] [31merror[39m: [31mGET /uploads/ 404[39m
[05-02-2024 07:36:20] [31merror[39m: [31mGET /images/ 404[39m
[05-02-2024 07:36:20] [31merror[39m: [31mGET /images/ 404[39m
[05-02-2024 07:38:28] [31merror[39m: [31mGET /login 404[39m
[05-02-2024 07:38:31] [31merror[39m: [31mGET /images/ 404[39m
[05-02-2024 07:38:31] [31merror[39m: [31mGET /images/ 404[39m
[05-02-2024 07:38:34] [31merror[39m: [31mGET /uploads/ 404[39m
[05-02-2024 07:38:47] [31merror[39m: [31mGET /images/ 404[39m
[05-02-2024 07:38:47] [31merror[39m: [31mGET /images/ 404[39m
[05-02-2024 08:34:42] [31merror[39m: [31mGET / 302[39m
[05-02-2024 08:35:25] [31merror[39m: [31mGET /images/ 404[39m
[05-02-2024 08:35:25] [31merror[39m: [31mGET /images/ 404[39m
