[16-12-2022 09:19:38] [31merror[39m: [31mPORT is not defined[39m
[16-12-2022 09:21:37] [31merror[39m: [31mGET / 302[39m
[16-12-2022 09:21:37] [31merror[39m: [31mGET / 302[39m
[16-12-2022 09:21:37] [31merror[39m: [31mGET / 302[39m
[16-12-2022 09:21:37] [31merror[39m: [31mGET / 302[39m
[16-12-2022 09:21:37] [31merror[39m: [31mGET / 302[39m
[16-12-2022 09:21:37] [31merror[39m: [31mGET / 302[39m
[16-12-2022 09:21:37] [31merror[39m: [31mGET / 302[39m
[16-12-2022 09:21:37] [31merror[39m: [31mGET / 302[39m
[16-12-2022 09:21:37] [31merror[39m: [31mGET / 302[39m
[16-12-2022 09:21:37] [31merror[39m: [31mGET / 302[39m
[16-12-2022 09:21:37] [31merror[39m: [31mGET / 302[39m
[16-12-2022 09:21:37] [31merror[39m: [31mGET / 302[39m
[16-12-2022 09:21:37] [31merror[39m: [31mGET / 302[39m
[16-12-2022 09:21:37] [31merror[39m: [31mGET / 302[39m
[16-12-2022 09:21:37] [31merror[39m: [31mGET / 302[39m
[16-12-2022 09:21:37] [31merror[39m: [31mGET / 302[39m
[16-12-2022 09:21:37] [31merror[39m: [31mGET / 302[39m
[16-12-2022 09:21:37] [31merror[39m: [31mGET / 302[39m
[16-12-2022 09:21:37] [31merror[39m: [31mGET / 302[39m
[16-12-2022 09:21:37] [31merror[39m: [31mGET / 302[39m
[16-12-2022 09:21:37] [31merror[39m: [31mGET / 302[39m
[16-12-2022 09:22:09] [31merror[39m: [31mGET / 302[39m
[16-12-2022 09:22:09] [31merror[39m: [31mGET / 302[39m
[16-12-2022 09:22:09] [31merror[39m: [31mGET / 302[39m
[16-12-2022 09:22:09] [31merror[39m: [31mGET / 302[39m
[16-12-2022 09:22:09] [31merror[39m: [31mGET / 302[39m
[16-12-2022 09:22:09] [31merror[39m: [31mGET / 302[39m
[16-12-2022 09:22:09] [31merror[39m: [31mGET / 302[39m
[16-12-2022 09:22:09] [31merror[39m: [31mGET / 302[39m
[16-12-2022 09:22:09] [31merror[39m: [31mGET / 302[39m
[16-12-2022 09:22:09] [31merror[39m: [31mGET / 302[39m
[16-12-2022 09:22:09] [31merror[39m: [31mGET / 302[39m
[16-12-2022 09:22:09] [31merror[39m: [31mGET / 302[39m
[16-12-2022 09:22:09] [31merror[39m: [31mGET / 302[39m
[16-12-2022 09:22:09] [31merror[39m: [31mGET / 302[39m
[16-12-2022 09:22:09] [31merror[39m: [31mGET / 302[39m
[16-12-2022 09:22:09] [31merror[39m: [31mGET / 302[39m
[16-12-2022 09:22:09] [31merror[39m: [31mGET / 302[39m
[16-12-2022 09:22:09] [31merror[39m: [31mGET / 302[39m
[16-12-2022 09:22:09] [31merror[39m: [31mGET / 302[39m
[16-12-2022 09:22:09] [31merror[39m: [31mGET / 302[39m
[16-12-2022 09:22:09] [31merror[39m: [31mGET / 302[39m
[16-12-2022 09:22:45] [31merror[39m: [31mGET /login 404[39m
[16-12-2022 09:22:53] [31merror[39m: [31mGET / 302[39m
[16-12-2022 09:22:53] [31merror[39m: [31mGET / 302[39m
[16-12-2022 09:22:53] [31merror[39m: [31mGET / 302[39m
[16-12-2022 09:22:53] [31merror[39m: [31mGET / 302[39m
[16-12-2022 09:22:53] [31merror[39m: [31mGET / 302[39m
[16-12-2022 09:22:53] [31merror[39m: [31mGET / 302[39m
[16-12-2022 09:22:53] [31merror[39m: [31mGET / 302[39m
[16-12-2022 09:22:53] [31merror[39m: [31mGET / 302[39m
[16-12-2022 09:22:53] [31merror[39m: [31mGET / 302[39m
[16-12-2022 09:22:53] [31merror[39m: [31mGET / 302[39m
[16-12-2022 09:22:53] [31merror[39m: [31mGET / 302[39m
[16-12-2022 09:22:53] [31merror[39m: [31mGET / 302[39m
[16-12-2022 09:22:53] [31merror[39m: [31mGET / 302[39m
[16-12-2022 09:22:53] [31merror[39m: [31mGET / 302[39m
[16-12-2022 09:22:53] [31merror[39m: [31mGET / 302[39m
[16-12-2022 09:22:53] [31merror[39m: [31mGET / 302[39m
[16-12-2022 09:22:53] [31merror[39m: [31mGET / 302[39m
[16-12-2022 09:22:53] [31merror[39m: [31mGET / 302[39m
[16-12-2022 09:22:53] [31merror[39m: [31mGET / 302[39m
[16-12-2022 09:22:53] [31merror[39m: [31mGET / 302[39m
[16-12-2022 09:22:53] [31merror[39m: [31mGET / 302[39m
[16-12-2022 09:24:24] [31merror[39m: [31mGET / 302[39m
[16-12-2022 09:24:24] [31merror[39m: [31mGET / 302[39m
[16-12-2022 09:24:24] [31merror[39m: [31mGET / 302[39m
[16-12-2022 09:24:24] [31merror[39m: [31mGET / 302[39m
[16-12-2022 09:24:24] [31merror[39m: [31mGET / 302[39m
[16-12-2022 09:24:24] [31merror[39m: [31mGET / 302[39m
[16-12-2022 09:24:24] [31merror[39m: [31mGET / 302[39m
[16-12-2022 09:24:24] [31merror[39m: [31mGET / 302[39m
[16-12-2022 09:24:24] [31merror[39m: [31mGET / 302[39m
[16-12-2022 09:24:24] [31merror[39m: [31mGET / 302[39m
[16-12-2022 09:24:24] [31merror[39m: [31mGET / 302[39m
[16-12-2022 09:24:24] [31merror[39m: [31mGET / 302[39m
[16-12-2022 09:24:24] [31merror[39m: [31mGET / 302[39m
[16-12-2022 09:24:24] [31merror[39m: [31mGET / 302[39m
[16-12-2022 09:24:24] [31merror[39m: [31mGET / 302[39m
[16-12-2022 09:24:24] [31merror[39m: [31mGET / 302[39m
[16-12-2022 09:24:24] [31merror[39m: [31mGET / 302[39m
[16-12-2022 09:24:24] [31merror[39m: [31mGET / 302[39m
[16-12-2022 09:24:24] [31merror[39m: [31mGET / 302[39m
[16-12-2022 09:24:24] [31merror[39m: [31mGET / 302[39m
[16-12-2022 09:24:24] [31merror[39m: [31mGET / 302[39m
[16-12-2022 09:25:12] [31merror[39m: [31mGET / 302[39m
[16-12-2022 09:25:12] [31merror[39m: [31mGET /favicon.ico 404[39m
[16-12-2022 09:25:40] [31merror[39m: [31mGET / 302[39m
[16-12-2022 09:31:04] [31merror[39m: [31mGET /consultas/user/ 404[39m
[16-12-2022 09:34:52] [31merror[39m: [31mGET / 500[39m
[16-12-2022 09:34:54] [31merror[39m: [31mGET / 500[39m
[16-12-2022 09:35:08] [31merror[39m: [31mGET / 500[39m
[16-12-2022 09:35:22] [31merror[39m: [31mGET /assets/css/bootstrap.min.css.map 404[39m
[16-12-2022 09:38:07] [31merror[39m: [31mPOST /auth/login 404[39m
[16-12-2022 09:38:48] [31merror[39m: [31mPOST /auth/login 404[39m
[16-12-2022 09:38:58] [31merror[39m: [31mPOST /auth/login 404[39m
[16-12-2022 09:39:31] [31merror[39m: [31mPOST /auth/login 404[39m
[16-12-2022 09:41:35] [33mwarn[39m: [33mPOST /auth/register 500[39m
[16-12-2022 09:46:04] [31merror[39m: [31mGET /favicon.ico 404[39m
[16-12-2022 12:13:21] [31merror[39m: [31mGET /favicon.ico 404[39m
[16-12-2022 12:15:59] [33mwarn[39m: [33mPOST /api/cart/639c677c8609da93f3528e9a/products/638e0cd13f48fc4ae9db225d 500[39m
[16-12-2022 12:19:09] [31merror[39m: [31mGET /login 404[39m
[16-12-2022 12:49:17] [31merror[39m: [31mGET / 302[39m
[16-12-2022 12:49:20] [31merror[39m: [31mGET /favicon.ico 404[39m
[16-12-2022 12:49:36] [33mwarn[39m: [33mPOST /api/cart/639c677c8609da93f3528e9a/products/638e0ccb3f48fc4ae9db225a 500[39m
[16-12-2022 12:49:46] [33mwarn[39m: [33mPOST /api/cart/639c677c8609da93f3528e9a/products/638e0cd13f48fc4ae9db225d/delete 500[39m
[16-12-2022 12:52:21] [33mwarn[39m: [33mPOST /api/cart/639c677c8609da93f3528e9a/products/638e0cd13f48fc4ae9db225d/delete 500[39m
[16-12-2022 12:52:46] [33mwarn[39m: [33mPOST /api/cart/639c677c8609da93f3528e9a/products/638e0cd13f48fc4ae9db225d/delete 500[39m
[16-12-2022 12:54:37] [33mwarn[39m: [33mPOST /api/cart/639c677c8609da93f3528e9a/products/638e0cd13f48fc4ae9db225d 500[39m
[16-12-2022 13:01:17] [33mwarn[39m: [33mPOST /api/cart/639c677c8609da93f3528e9a/products/638e0cd13f48fc4ae9db225d/delete 500[39m
[16-12-2022 13:01:36] [33mwarn[39m: [33mPOST /api/cart/639c677c8609da93f3528e9a/products/638e0cd13f48fc4ae9db225d/delete 500[39m
[16-12-2022 13:02:12] [33mwarn[39m: [33mPOST /api/cart/639c677c8609da93f3528e9a/products/638e0cd13f48fc4ae9db225d/delete 500[39m
[16-12-2022 13:02:37] [33mwarn[39m: [33mPOST /api/cart/639c677c8609da93f3528e9a/products/638e0cd13f48fc4ae9db225d/delete 500[39m
[16-12-2022 13:02:55] [33mwarn[39m: [33mPOST /api/cart/639c677c8609da93f3528e9a/products/638e0cd13f48fc4ae9db225d/delete 500[39m
[16-12-2022 13:03:11] [33mwarn[39m: [33mPOST /api/cart/639c677c8609da93f3528e9a/products/638e0cd13f48fc4ae9db225d/delete 500[39m
[16-12-2022 13:03:24] [33mwarn[39m: [33mPOST /api/cart/639c677c8609da93f3528e9a/products/638e0cd13f48fc4ae9db225d/delete 500[39m
[16-12-2022 14:22:30] [31merror[39m: [31mGET /favicon.ico 404[39m
[16-12-2022 14:22:35] [31merror[39m: [31mGET /assets/css/bootstrap.min.css.map 404[39m
[16-12-2022 14:32:07] [31merror[39m: [31mGET /favicon.ico 404[39m
[20-12-2022 12:51:45] [31merror[39m: [31mGET /assets/css/bootstrap.min.css.map 404[39m
[20-12-2022 12:57:11] [31merror[39m: [31mGET /assets/css/bootstrap.min.css.map 404[39m
[20-12-2022 12:57:39] [31merror[39m: [31mGET /mis-consultas 404[39m
[20-12-2022 13:00:32] [31merror[39m: [31mGET /assets/css/bootstrap.min.css.map 404[39m
[20-12-2022 14:03:26] [31merror[39m: [31mPOST /auth/login 404[39m
[20-12-2022 14:03:41] [31merror[39m: [31moption usecreateindex is not supported[39m
[20-12-2022 14:03:56] [31merror[39m: [31mPOST /auth/login 404[39m
[20-12-2022 14:04:32] [31merror[39m: [31moption usecreateindex is not supported[39m
[20-12-2022 14:30:04] [31merror[39m: [31mGET /favicon.ico 404[39m
[20-12-2022 17:54:55] [31merror[39m: [31mGET /favicon.ico 404[39m
[20-12-2022 17:55:22] [33mwarn[39m: [33mPOST /auth/register 500[39m
[20-12-2022 18:11:46] [33mwarn[39m: [33mPOST /auth/register 500[39m
[20-12-2022 18:13:40] [31merror[39m: [31mGET /favicon.ico 404[39m
[20-12-2022 18:16:55] [33mwarn[39m: [33mPOST /auth/register 500[39m
[20-12-2022 18:17:13] [33mwarn[39m: [33mPOST /auth/register 500[39m
[20-12-2022 18:21:22] [31merror[39m: [31mGET /login 404[39m
[20-12-2022 18:21:22] [31merror[39m: [31mGET /favicon.ico 404[39m
[20-12-2022 18:38:15] [31merror[39m: [31mGET /login 404[39m
[20-12-2022 18:38:44] [31merror[39m: [31mGET /favicon.ico 404[39m
[20-12-2022 18:39:27] [31merror[39m: [31mGET /uploads/1671572054716-ben%20el%20relojero.jpg 404[39m
[20-12-2022 18:39:27] [31merror[39m: [31mGET /favicon.ico 404[39m
[20-12-2022 18:44:48] [31merror[39m: [31mGET /favicon.ico 404[39m
[20-12-2022 18:44:51] [33mwarn[39m: [33mPOST /api/order 500[39m
[20-12-2022 18:44:56] [33mwarn[39m: [33mPOST /api/order 500[39m
[20-12-2022 18:45:39] [33mwarn[39m: [33mPOST /api/order 500[39m
[20-12-2022 18:45:41] [31merror[39m: [31mGET /favicon.ico 404[39m
[20-12-2022 18:47:05] [33mwarn[39m: [33mPOST /api/order 500[39m
[20-12-2022 18:48:59] [31merror[39m: [31mGET /favicon.ico 404[39m
[27-12-2022 10:24:50] [31merror[39m: [31mPOST /auth/login 404[39m
[27-12-2022 10:24:52] [31merror[39m: [31mGET /favicon.ico 404[39m
[27-12-2022 10:24:58] [31merror[39m: [31mGET /favicon.ico 404[39m
[27-12-2022 10:25:00] [31merror[39m: [31mGET /uploads/1671572421489-ben%20el%20relojero.jpg 404[39m
[27-12-2022 10:25:03] [31merror[39m: [31mGET /uploads/1671572421489-ben%20el%20relojero.jpg 404[39m
[27-12-2022 10:25:05] [31merror[39m: [31mGET /uploads/1671572421489-ben%20el%20relojero.jpg 404[39m
[27-12-2022 10:25:08] [31merror[39m: [31mGET /uploads/1671572421489-ben%20el%20relojero.jpg 404[39m
[27-12-2022 10:25:19] [31merror[39m: [31mGET /favicon.ico 404[39m
[27-12-2022 10:26:23] [31merror[39m: [31mGET /uploads/1671572421489-ben%20el%20relojero.jpg 404[39m
[27-12-2022 10:26:27] [31merror[39m: [31mGET /uploads/1671572421489-ben%20el%20relojero.jpg 404[39m
[27-12-2022 10:26:27] [31merror[39m: [31mGET /favicon.ico 404[39m
[27-12-2022 10:26:27] [31merror[39m: [31mGET /uploads/1671572421489-ben%20el%20relojero.jpg 404[39m
[27-12-2022 10:26:43] [31merror[39m: [31mGET /assets/css/bootstrap.min.css.map 404[39m
[27-12-2022 10:26:52] [31merror[39m: [31mGET /favicon.ico 404[39m
[27-12-2022 10:26:52] [31merror[39m: [31mGET /assets/css/bootstrap.min.css.map 404[39m
[27-12-2022 10:35:24] [31merror[39m: [31mPOST /auth/login 404[39m
[05-02-2024 04:59:13] [31merror[39m: [31mGET /favicon.ico 404[39m
[05-02-2024 04:59:41] [31merror[39m: [31mPOST /auth/register 400[39m
[05-02-2024 04:59:42] [33mwarn[39m: [33mPOST /auth/register 500[39m
[05-02-2024 05:01:29] [31merror[39m: [31mPOST /auth/register 400[39m
[05-02-2024 05:01:29] [33mwarn[39m: [33mPOST /auth/register 500[39m
[05-02-2024 05:05:36] [33mwarn[39m: [33mPOST /auth/register 500[39m
[05-02-2024 05:07:52] [31merror[39m: [31mGET /images/ 404[39m
[05-02-2024 05:07:52] [31merror[39m: [31mGET /images/ 404[39m
[05-02-2024 05:09:09] [31merror[39m: [31mGET /images/ 404[39m
[05-02-2024 05:09:09] [31merror[39m: [31mGET /images/ 404[39m
[05-02-2024 05:09:13] [31merror[39m: [31mGET /images/ 404[39m
[05-02-2024 05:09:13] [31merror[39m: [31mGET /images/ 404[39m
[05-02-2024 05:09:32] [31merror[39m: [31mGET /api/cart//products 404[39m
[05-02-2024 05:09:38] [31merror[39m: [31mGET /images/ 404[39m
[05-02-2024 05:09:38] [31merror[39m: [31mGET /images/ 404[39m
[05-02-2024 05:09:39] [31merror[39m: [31mGET /images/ 404[39m
[05-02-2024 05:09:39] [31merror[39m: [31mGET /images/ 404[39m
[05-02-2024 05:09:42] [31merror[39m: [31mGET /uploads/ 404[39m
[05-02-2024 05:09:51] [31merror[39m: [31mGET /uploads/ 404[39m
[05-02-2024 05:09:54] [33mwarn[39m: [33mPOST /consultas 500[39m
[05-02-2024 05:10:12] [31merror[39m: [31mGET /images/ 404[39m
[05-02-2024 05:10:12] [31merror[39m: [31mGET /images/ 404[39m
[05-02-2024 05:11:12] [31merror[39m: [31mGET /images/ 404[39m
[05-02-2024 05:11:12] [31merror[39m: [31mGET /images/ 404[39m
[05-02-2024 05:12:12] [31merror[39m: [31mGET /assets/js/bootstrap.min.js.map 404[39m
[05-02-2024 05:12:12] [31merror[39m: [31mGET /assets/css/bootstrap.min.css.map 404[39m
[05-02-2024 05:12:22] [31merror[39m: [31mGET /images/ 404[39m
[05-02-2024 05:12:24] [31merror[39m: [31mGET /images/ 404[39m
[05-02-2024 05:12:24] [31merror[39m: [31mGET /images/ 404[39m
[05-02-2024 05:16:12] [31merror[39m: [31mGET /images/ 404[39m
[05-02-2024 05:16:12] [31merror[39m: [31mGET /images/ 404[39m
[05-02-2024 05:16:39] [31merror[39m: [31mGET /images/ 404[39m
[05-02-2024 05:16:39] [31merror[39m: [31mGET /images/ 404[39m
[05-02-2024 05:16:55] [31merror[39m: [31mGET /images/ 404[39m
[05-02-2024 05:16:55] [31merror[39m: [31mGET /images/ 404[39m
[05-02-2024 05:16:57] [31merror[39m: [31mGET /images/ 404[39m
[05-02-2024 05:16:57] [31merror[39m: [31mGET /images/ 404[39m
[05-02-2024 05:16:59] [31merror[39m: [31mGET /images/ 404[39m
[05-02-2024 05:16:59] [31merror[39m: [31mGET /images/ 404[39m
[05-02-2024 05:16:59] [31merror[39m: [31mGET /images/ 404[39m
[05-02-2024 05:16:59] [31merror[39m: [31mGET /images/ 404[39m
[05-02-2024 05:17:00] [31merror[39m: [31mGET /images/ 404[39m
[05-02-2024 05:17:00] [31merror[39m: [31mGET /images/ 404[39m
[05-02-2024 05:17:01] [31merror[39m: [31mGET /images/ 404[39m
[05-02-2024 05:17:01] [31merror[39m: [31mGET /images/ 404[39m
[05-02-2024 05:17:37] [31merror[39m: [31mGET /images/ 404[39m
[05-02-2024 05:17:37] [31merror[39m: [31mGET /images/ 404[39m
[05-02-2024 05:18:28] [31merror[39m: [31mGET /assets/js/bootstrap.min.js.map 404[39m
[05-02-2024 05:18:28] [31merror[39m: [31mGET /assets/css/bootstrap.min.css.map 404[39m
[05-02-2024 05:19:07] [31merror[39m: [31mGET /uploads/ 404[39m
[05-02-2024 05:19:41] [33mwarn[39m: [33mGET /api/cart/undefined/products 500[39m
[05-02-2024 05:19:48] [31merror[39m: [31mGET /uploads/ 404[39m
[05-02-2024 05:19:51] [31merror[39m: [31mGET /api/cart//products 404[39m
[05-02-2024 05:19:56] [31merror[39m: [31mGET /api/cart//products 404[39m
[05-02-2024 05:22:30] [33mwarn[39m: [33mPOST /auth/register 500[39m
[05-02-2024 05:22:55] [31merror[39m: [31mGET /assets/js/bootstrap.min.js.map 404[39m
[05-02-2024 05:22:55] [31merror[39m: [31mGET /assets/css/bootstrap.min.css.map 404[39m
[05-02-2024 05:23:04] [31merror[39m: [31mGET /assets/css/bootstrap.min.css.map 404[39m
[05-02-2024 05:23:11] [31merror[39m: [31mGET /images/ 404[39m
[05-02-2024 05:23:11] [31merror[39m: [31mGET /images/ 404[39m
[05-02-2024 05:23:11] [31merror[39m: [31mGET /assets/css/bootstrap.min.css.map 404[39m
[05-02-2024 05:23:11] [31merror[39m: [31mGET /assets/js/bootstrap.min.js.map 404[39m
[05-02-2024 05:23:43] [31merror[39m: [31mGET /images/ 404[39m
[05-02-2024 05:23:43] [31merror[39m: [31mGET /images/ 404[39m
